app/build/outputs/logs/manifest-merger-debug-report.txt
-- Merging decision tree log ---
manifest
ADDED from src/main/AndroidManifest.xml:2:1-41:12
	package
		ADDED from src/main/AndroidManifest.xml:3:5-29
		INJECTED from src/main/AndroidManifest.xml
		INJECTED from src/main/AndroidManifest.xml
	android:versionName
		INJECTED from src/main/AndroidManifest.xml
		INJECTED from src/main/AndroidManifest.xml
	xmlns:android
		ADDED from src/main/AndroidManifest.xml:2:11-69
	android:versionCode
		INJECTED from src/main/AndroidManifest.xml
		INJECTED from src/main/AndroidManifest.xml
uses-permission#android.permission.ACCESS_FINE_LOCATION
ADDED from src/main/AndroidManifest.xml:10:5-79
	android:name
		ADDED from src/main/AndroidManifest.xml:10:22-76
uses-permission#android.permission.INTERNET
ADDED from src/main/AndroidManifest.xml:11:5-67
MERGED from [com.estimote:sdk:0.11.1] AndroidManifest.xml:15:5-67
	android:name
		ADDED from src/main/AndroidManifest.xml:11:22-64
uses-permission#android.permission.WAKE_LOCK
ADDED from src/main/AndroidManifest.xml:12:5-68
	android:name
		ADDED from src/main/AndroidManifest.xml:12:22-65
uses-permission#android.permission.BLUETOOTH
ADDED from src/main/AndroidManifest.xml:13:5-67
MERGED from [com.estimote:sdk:0.11.1] AndroidManifest.xml:10:5-68
	android:name
		ADDED from src/main/AndroidManifest.xml:13:22-65
uses-permission#android.permission.BLUETOOTH_ADMIN
ADDED from src/main/AndroidManifest.xml:14:5-73
MERGED from [com.estimote:sdk:0.11.1] AndroidManifest.xml:11:5-74
	android:name
		ADDED from src/main/AndroidManifest.xml:14:22-71
application
ADDED from src/main/AndroidManifest.xml:16:5-39:19
MERGED from [com.estimote:sdk:0.11.1] AndroidManifest.xml:22:5-37:19
MERGED from [com.android.support:design:24.2.1] AndroidManifest.xml:22:5-20
MERGED from [com.android.support:support-v4:24.2.1] AndroidManifest.xml:25:5-20
MERGED from [com.android.support:support-compat:24.2.1] AndroidManifest.xml:25:5-20
MERGED from [com.android.support:support-media-compat:24.2.1] AndroidManifest.xml:25:5-20
MERGED from [com.android.support:support-core-utils:24.2.1] AndroidManifest.xml:25:5-20
MERGED from [com.android.support:support-core-ui:24.2.1] AndroidManifest.xml:25:5-20
MERGED from [com.android.support:support-fragment:24.2.1] AndroidManifest.xml:25:5-20
MERGED from [com.android.support:appcompat-v7:24.2.1] AndroidManifest.xml:25:5-20
MERGED from [com.android.support:support-vector-drawable:24.2.1] AndroidManifest.xml:23:5-20
MERGED from [com.android.support:animated-vector-drawable:24.2.1] AndroidManifest.xml:22:5-20
	android:label
		ADDED from src/main/AndroidManifest.xml:19:9-41
	android:supportsRtl
		ADDED from src/main/AndroidManifest.xml:20:9-35
	android:allowBackup
		ADDED from src/main/AndroidManifest.xml:17:9-35
	android:icon
		ADDED from src/main/AndroidManifest.xml:18:9-43
	android:theme
		ADDED from src/main/AndroidManifest.xml:21:9-40
activity#com.sagar.retb.MainActivity
ADDED from src/main/AndroidManifest.xml:22:9-50
	android:name
		ADDED from src/main/AndroidManifest.xml:22:19-47
activity#com.sagar.retb.DisplayLaptops
ADDED from src/main/AndroidManifest.xml:23:9-52
	android:name
		ADDED from src/main/AndroidManifest.xml:23:19-49
activity#com.sagar.retb.DisplayTeam
ADDED from src/main/AndroidManifest.xml:24:9-49
	android:name
		ADDED from src/main/AndroidManifest.xml:24:19-46
activity#com.sagar.retb.RegisterOrLogin
ADDED from src/main/AndroidManifest.xml:25:9-53
	android:name
		ADDED from src/main/AndroidManifest.xml:25:19-50
activity#com.sagar.retb.Launch
ADDED from src/main/AndroidManifest.xml:26:9-32:20
	android:name
		ADDED from src/main/AndroidManifest.xml:26:19-41
intent-filter#android.intent.action.MAIN+android.intent.category.LAUNCHER
ADDED from src/main/AndroidManifest.xml:27:13-31:29
action#android.intent.action.MAIN
ADDED from src/main/AndroidManifest.xml:28:17-69
	android:name
		ADDED from src/main/AndroidManifest.xml:28:25-66
category#android.intent.category.LAUNCHER
ADDED from src/main/AndroidManifest.xml:30:17-77
	android:name
		ADDED from src/main/AndroidManifest.xml:30:27-74
activity#com.sagar.retb.WelcomeToShop
ADDED from src/main/AndroidManifest.xml:33:9-51
	android:name
		ADDED from src/main/AndroidManifest.xml:33:19-48
activity#com.sagar.retb.DisplayLaptop
ADDED from src/main/AndroidManifest.xml:34:9-51
	android:name
		ADDED from src/main/AndroidManifest.xml:34:19-48
activity#com.sagar.retb.DisplayMobiles
ADDED from src/main/AndroidManifest.xml:35:9-52
	android:name
		ADDED from src/main/AndroidManifest.xml:35:19-49
activity#com.sagar.retb.DisplayMobile
ADDED from src/main/AndroidManifest.xml:36:9-38:15
	android:name
		ADDED from src/main/AndroidManifest.xml:37:13-42
uses-sdk
INJECTED from src/main/AndroidManifest.xml reason: use-sdk injection requested
MERGED from [com.estimote:sdk:0.11.1] AndroidManifest.xml:7:5-43
MERGED from [com.android.support:design:24.2.1] AndroidManifest.xml:20:5-43
MERGED from [com.android.support:support-v4:24.2.1] AndroidManifest.xml:21:5-23:54
MERGED from [com.android.support:support-compat:24.2.1] AndroidManifest.xml:21:5-23:58
MERGED from [com.android.support:support-media-compat:24.2.1] AndroidManifest.xml:21:5-23:63
MERGED from [com.android.support:support-core-utils:24.2.1] AndroidManifest.xml:21:5-23:61
MERGED from [com.android.support:support-core-ui:24.2.1] AndroidManifest.xml:21:5-23:58
MERGED from [com.android.support:support-fragment:24.2.1] AndroidManifest.xml:21:5-23:60
MERGED from [com.android.support:appcompat-v7:24.2.1] AndroidManifest.xml:21:5-23:78
MERGED from [com.android.support:support-vector-drawable:24.2.1] AndroidManifest.xml:21:5-43
MERGED from [com.android.support:animated-vector-drawable:24.2.1] AndroidManifest.xml:20:5-44
MERGED from [com.android.support:recyclerview-v7:24.2.1] AndroidManifest.xml:20:5-43
	tools:overrideLibrary
		ADDED from [com.android.support:support-v4:24.2.1] AndroidManifest.xml:23:9-51
	android:targetSdkVersion
		INJECTED from src/main/AndroidManifest.xml
		INJECTED from src/main/AndroidManifest.xml
	android:minSdkVersion
		INJECTED from src/main/AndroidManifest.xml
		INJECTED from src/main/AndroidManifest.xml
uses-permission-sdk-23
ADDED from [com.estimote:sdk:0.11.1] AndroidManifest.xml:13:5-88
	android:name
		ADDED from [com.estimote:sdk:0.11.1] AndroidManifest.xml:13:29-85
uses-permission#android.permission.ACCESS_NETWORK_STATE
ADDED from [com.estimote:sdk:0.11.1] AndroidManifest.xml:16:5-79
	android:name
		ADDED from [com.estimote:sdk:0.11.1] AndroidManifest.xml:16:22-76
uses-feature#android.hardware.bluetooth_le
ADDED from [com.estimote:sdk:0.11.1] AndroidManifest.xml:18:5-20:36
	android:required
		ADDED from [com.estimote:sdk:0.11.1] AndroidManifest.xml:20:9-33
	android:name
		ADDED from [com.estimote:sdk:0.11.1] AndroidManifest.xml:19:9-53
service#com.estimote.sdk.service.BeaconService
ADDED from [com.estimote:sdk:0.11.1] AndroidManifest.xml:23:9-25:40
	android:exported
		ADDED from [com.estimote:sdk:0.11.1] AndroidManifest.xml:25:13-37
	android:name
		ADDED from [com.estimote:sdk:0.11.1] AndroidManifest.xml:24:13-66
service#com.estimote.sdk.repackaged.dfu_v0_6_1.no.nordicsemi.android.dfu.DfuBaseService
ADDED from [com.estimote:sdk:0.11.1] AndroidManifest.xml:26:9-115
	android:name
		ADDED from [com.estimote:sdk:0.11.1] AndroidManifest.xml:26:18-112
activity#com.estimote.sdk.DefaultRequirementsCheckerCallback$Activity
ADDED from [com.estimote:sdk:0.11.1] AndroidManifest.xml:28:9-30:56
	android:theme
		ADDED from [com.estimote:sdk:0.11.1] AndroidManifest.xml:30:13-53
	android:name
		ADDED from [com.estimote:sdk:0.11.1] AndroidManifest.xml:29:13-88
receiver#com.estimote.sdk.service.BeaconService$ScanAlarmBroadcastReceiver
ADDED from [com.estimote:sdk:0.11.1] AndroidManifest.xml:32:9-102
	android:name
		ADDED from [com.estimote:sdk:0.11.1] AndroidManifest.xml:32:19-99
service#com.estimote.sdk.connection.internal.DeviceConnectionProviderService
ADDED from [com.estimote:sdk:0.11.1] AndroidManifest.xml:34:9-36:40
	android:exported
		ADDED from [com.estimote:sdk:0.11.1] AndroidManifest.xml:36:13-37
	android:name
		ADDED from [com.estimote:sdk:0.11.1] AndroidManifest.xml:35:13-96